[    0.000000] Initializing cgroup subsys cpuset
[    0.000000] Initializing cgroup subsys cpu
[    0.000000] Initializing cgroup subsys cpuacct
[    0.000000] Linux version 4.4.0-210-generic (buildd@lgw01-amd64-009) (gcc version 5.4.0 20160609 (Ubuntu 5.4.0-6ubuntu1~16.04.12) ) #242-Ubuntu SMP Fri Apr 16 09:57:56 UTC 2021 (Ubuntu 4.4.0-210.242-generic 4.4.262)
[    0.000000] Command line: BOOT_IMAGE=/boot/vmlinuz-4.4.0-210-generic root=LABEL=cloudimg-rootfs ro console=tty1 console=ttyS0
[    0.000000] KERNEL supported cpus:
[    0.000000]   Intel GenuineIntel
[    0.000000]   AMD AuthenticAMD
[    0.000000]   Centaur CentaurHauls
[    0.000000] x86/fpu: xstate_offset[2]:  576, xstate_sizes[2]:  256
[    0.000000] x86/fpu: Supporting XSAVE feature 0x01: 'x87 floating point registers'
[    0.000000] x86/fpu: Supporting XSAVE feature 0x02: 'SSE registers'
[    0.000000] x86/fpu: Supporting XSAVE feature 0x04: 'AVX registers'
[    0.000000] x86/fpu: Enabled xstate features 0x7, context size is 832 bytes, using 'standard' format.
[    0.000000] e820: BIOS-provided physical RAM map:
[    0.000000] BIOS-e820: [mem 0x0000000000000000-0x000000000009fbff] usable
[    0.000000] BIOS-e820: [mem 0x000000000009fc00-0x000000000009ffff] reserved
[    0.000000] BIOS-e820: [mem 0x00000000000f0000-0x00000000000fffff] reserved
[    0.000000] BIOS-e820: [mem 0x0000000000100000-0x000000007ffeffff] usable
[    0.000000] BIOS-e820: [mem 0x000000007fff0000-0x000000007fffffff] ACPI data
[    0.000000] BIOS-e820: [mem 0x00000000fec00000-0x00000000fec00fff] reserved
[    0.000000] BIOS-e820: [mem 0x00000000fee00000-0x00000000fee00fff] reserved
[    0.000000] BIOS-e820: [mem 0x00000000fffc0000-0x00000000ffffffff] reserved
[    0.000000] NX (Execute Disable) protection: active
[    0.000000] SMBIOS 2.5 present.
[    0.000000] Hypervisor detected: KVM
[    0.000000] e820: last_pfn = 0x7fff0 max_arch_pfn = 0x400000000
[    0.000000] MTRR: Disabled
[    0.000000] x86/PAT: MTRRs disabled, skipping PAT initialization too.
[    0.000000] CPU MTRRs all blank - virtualized system.
[    0.000000] x86/PAT: Configuration [0-7]: WB  WT  UC- UC  WB  WT  UC- UC  
[    0.000000] found SMP MP-table at [mem 0x0009fff0-0x0009ffff] mapped at [ffff88000009fff0]
[    0.000000] Scanning 1 areas for low memory corruption
[    0.000000] RAMDISK: [mem 0x362dc000-0x37165fff]
[    0.000000] ACPI: Early table checksum verification disabled
[    0.000000] ACPI: RSDP 0x00000000000E0000 000024 (v02 VBOX  )
[    0.000000] ACPI: XSDT 0x000000007FFF0030 00003C (v01 VBOX   VBOXXSDT 00000001 ASL  00000061)
[    0.000000] ACPI: FACP 0x000000007FFF00F0 0000F4 (v04 VBOX   VBOXFACP 00000001 ASL  00000061)
[    0.000000] ACPI: DSDT 0x000000007FFF0470 002325 (v02 VBOX   VBOXBIOS 00000002 INTL 20100528)
[    0.000000] ACPI: FACS 0x000000007FFF0200 000040
[    0.000000] ACPI: FACS 0x000000007FFF0200 000040
[    0.000000] ACPI: APIC 0x000000007FFF0240 00005C (v02 VBOX   VBOXAPIC 00000001 ASL  00000061)
[    0.000000] ACPI: SSDT 0x000000007FFF02A0 0001CC (v01 VBOX   VBOXCPUT 00000002 INTL 20100528)
[    0.000000] No NUMA configuration found
[    0.000000] Faking a node at [mem 0x0000000000000000-0x000000007ffeffff]
[    0.000000] NODE_DATA(0) allocated [mem 0x7ffeb000-0x7ffeffff]
[    0.000000] kvm-clock: Using msrs 4b564d01 and 4b564d00
[    0.000000] kvm-clock: cpu 0, msr 0:7ffe3001, primary cpu clock
[    0.000000] kvm-clock: using sched offset of 4195974611 cycles
[    0.000000] clocksource: kvm-clock: mask: 0xffffffffffffffff max_cycles: 0x1cd42e4dffb, max_idle_ns: 881590591483 ns
[    0.000000] Zone ranges:
[    0.000000]   DMA      [mem 0x0000000000001000-0x0000000000ffffff]
[    0.000000]   DMA32    [mem 0x0000000001000000-0x000000007ffeffff]
[    0.000000]   Normal   empty
[    0.000000]   Device   empty
[    0.000000] Movable zone start for each node
[    0.000000] Early memory node ranges
[    0.000000]   node   0: [mem 0x0000000000001000-0x000000000009efff]
[    0.000000]   node   0: [mem 0x0000000000100000-0x000000007ffeffff]
[    0.000000] Initmem setup node 0 [mem 0x0000000000001000-0x000000007ffeffff]
[    0.000000] ACPI: PM-Timer IO Port: 0x4008
[    0.000000] IOAPIC[0]: apic_id 2, version 32, address 0xfec00000, GSI 0-23
[    0.000000] ACPI: INT_SRC_OVR (bus 0 bus_irq 0 global_irq 2 dfl dfl)
[    0.000000] ACPI: INT_SRC_OVR (bus 0 bus_irq 9 global_irq 9 low level)
[    0.000000] Using ACPI (MADT) for SMP configuration information
[    0.000000] smpboot: Allowing 2 CPUs, 0 hotplug CPUs
[    0.000000] PM: Registered nosave memory: [mem 0x00000000-0x00000fff]
[    0.000000] PM: Registered nosave memory: [mem 0x0009f000-0x0009ffff]
[    0.000000] PM: Registered nosave memory: [mem 0x000a0000-0x000effff]
[    0.000000] PM: Registered nosave memory: [mem 0x000f0000-0x000fffff]
[    0.000000] e820: [mem 0x80000000-0xfebfffff] available for PCI devices
[    0.000000] Booting paravirtualized kernel on KVM
[    0.000000] clocksource: refined-jiffies: mask: 0xffffffff max_cycles: 0xffffffff, max_idle_ns: 7645519600211568 ns
[    0.000000] setup_percpu: NR_CPUS:512 nr_cpumask_bits:512 nr_cpu_ids:2 nr_node_ids:1
[    0.000000] PERCPU: Embedded 33 pages/cpu @ffff88007fc00000 s95192 r8192 d31784 u1048576
[    0.000000] Built 1 zonelists in Node order, mobility grouping on.  Total pages: 515960
[    0.000000] Policy zone: DMA32
[    0.000000] Kernel command line: BOOT_IMAGE=/boot/vmlinuz-4.4.0-210-generic root=LABEL=cloudimg-rootfs ro console=tty1 console=ttyS0
[    0.000000] PID hash table entries: 4096 (order: 3, 32768 bytes)
[    0.000000] Memory: 2029984K/2096696K available (8644K kernel code, 1332K rwdata, 4044K rodata, 1492K init, 1164K bss, 66712K reserved, 0K cma-reserved)
[    0.000000] SLUB: HWalign=64, Order=0-3, MinObjects=0, CPUs=2, Nodes=1
[    0.000000] Kernel/User page tables isolation: enabled
[    0.000000] Hierarchical RCU implementation.
[    0.000000] 	Build-time adjustment of leaf fanout to 64.
[    0.000000] 	RCU restricting CPUs from NR_CPUS=512 to nr_cpu_ids=2.
[    0.000000] RCU: Adjusting geometry for rcu_fanout_leaf=64, nr_cpu_ids=2
[    0.000000] NR_IRQS:33024 nr_irqs:440 16
[    0.000000] Console: colour VGA+ 80x25
[    0.000000] console [tty1] enabled
[    0.000000] console [ttyS0] enabled
[    0.000000] tsc: Detected 2111.998 MHz processor
[    0.202531] Calibrating delay loop (skipped) preset value.. 4223.99 BogoMIPS (lpj=8447992)
[    0.204741] pid_max: default: 32768 minimum: 301
[    0.206029] ACPI: Core revision 20150930
[    0.209057] ACPI: 2 ACPI AML tables successfully acquired and loaded
[    0.210845] Security Framework initialized
[    0.211921] Yama: becoming mindful.
[    0.212929] AppArmor: AppArmor initialized
[    0.216859] Dentry cache hash table entries: 262144 (order: 9, 2097152 bytes)
[    0.218682] Inode-cache hash table entries: 131072 (order: 8, 1048576 bytes)
[    0.223041] Mount-cache hash table entries: 4096 (order: 3, 32768 bytes)
[    0.224541] Mountpoint-cache hash table entries: 4096 (order: 3, 32768 bytes)
[    0.226277] Initializing cgroup subsys io
[    0.227300] Initializing cgroup subsys memory
[    0.228321] Initializing cgroup subsys devices
[    0.229397] Initializing cgroup subsys freezer
[    0.230432] Initializing cgroup subsys net_cls
[    0.231468] Initializing cgroup subsys perf_event
[    0.232549] Initializing cgroup subsys net_prio
[    0.233674] Initializing cgroup subsys hugetlb
[    0.234771] Initializing cgroup subsys pids
[    0.248300] mce: CPU supports 0 MCE banks
[    0.249338] Last level iTLB entries: 4KB 64, 2MB 8, 4MB 8
[    0.250549] Last level dTLB entries: 4KB 64, 2MB 0, 4MB 0, 1GB 4
[    0.251855] Spectre V1 : Mitigation: usercopy/swapgs barriers and __user pointer sanitization
[    0.253801] Spectre V2 : Mitigation: Full generic retpoline
[    0.255118] Spectre V2 : Spectre v2 / SpectreRSB mitigation: Filling RSB on context switch
[    0.257242] Speculative Store Bypass: Vulnerable
[    0.258315] SRBDS: Unknown: Dependent on hypervisor status
[    0.259619] MDS: Mitigation: Clear CPU buffers
[    0.263582] Freeing SMP alternatives memory: 36K
[    0.271063] ftrace: allocating 32380 entries in 127 pages
[    0.335773] smpboot: APIC(0) Converting physical 0 to logical package 0
[    0.338027] smpboot: Max logical packages: 1
[    0.340021] x2apic enabled
[    0.341702] Switched APIC routing to physical x2apic.
[    0.345103] ..TIMER: vector=0x30 apic1=0 pin1=2 apic2=-1 pin2=-1
[    0.454789] smpboot: CPU0: Intel(R) Core(TM) i7-8650U CPU @ 1.90GHz (family: 0x6, model: 0x8e, stepping: 0xa)
[    0.457636] Performance Events: unsupported p6 CPU model 142 no PMU driver, software events only.
[    0.471180] KVM setup paravirtual spinlock
[    0.475812] x86: Booting SMP configuration:
[    0.476973] .... node  #0, CPUs:      #1
[    0.478204] kvm-clock: cpu 1, msr 0:7ffe3041, secondary cpu clock
[    0.492072] mce: CPU supports 0 MCE banks
[    0.495179] x86: Booted up 1 node, 2 CPUs
[    0.496566] smpboot: Total of 2 processors activated (8447.99 BogoMIPS)
[    0.498598] devtmpfs: initialized
[    0.501206] evm: security.selinux
[    0.502173] evm: security.SMACK64
[    0.503091] evm: security.SMACK64EXEC
[    0.504090] evm: security.SMACK64TRANSMUTE
[    0.505189] evm: security.SMACK64MMAP
[    0.506318] evm: security.ima
[    0.507229] evm: security.capability
[    0.508462] clocksource: jiffies: mask: 0xffffffff max_cycles: 0xffffffff, max_idle_ns: 7645041785100000 ns
[    0.510801] futex hash table entries: 512 (order: 3, 32768 bytes)
[    0.512370] pinctrl core: initialized pinctrl subsystem
[    0.513790] RTC time: 14:59:09, date: 09/10/21
[    0.515252] NET: Registered protocol family 16
[    0.527999] cpuidle: using governor ladder
[    0.540721] cpuidle: using governor menu
[    0.543222] PCCT header not found.
[    0.545740] ACPI: bus type PCI registered
[    0.548230] acpiphp: ACPI Hot Plug PCI Controller Driver version: 0.5
[    0.551341] PCI: Using configuration type 1 for base access
[    0.565575] ACPI: Added _OSI(Module Device)
[    0.566759] ACPI: Added _OSI(Processor Device)
[    0.567917] ACPI: Added _OSI(3.0 _SCP Extensions)
[    0.569042] ACPI: Added _OSI(Processor Aggregator Device)
[    0.570953] ACPI: Executed 1 blocks of module-level executable AML code
[    0.574811] ACPI: Interpreter enabled
[    0.575880] ACPI: (supports S0 S5)
[    0.576796] ACPI: Using IOAPIC for interrupt routing
[    0.578114] PCI: Using host bridge windows from ACPI; if necessary, use "pci=nocrs" and report a bug
[    0.584338] ACPI: PCI Root Bridge [PCI0] (domain 0000 [bus 00-ff])
[    0.585860] acpi PNP0A03:00: _OSC: OS supports [ASPM ClockPM Segments MSI]
[    0.587676] acpi PNP0A03:00: _OSC: not requesting OS control; OS requires [ExtendedConfig ASPM ClockPM MSI]
[    0.590139] acpi PNP0A03:00: fail to add MMCONFIG information, can't access extended PCI configuration space under this bridge.
[    0.593085] PCI host bridge to bus 0000:00
[    0.594123] pci_bus 0000:00: root bus resource [io  0x0000-0x0cf7 window]
[    0.595730] pci_bus 0000:00: root bus resource [io  0x0d00-0xffff window]
[    0.597248] pci_bus 0000:00: root bus resource [mem 0x000a0000-0x000bffff window]
[    0.599087] pci_bus 0000:00: root bus resource [mem 0x80000000-0xfdffffff window]
[    0.601051] pci_bus 0000:00: root bus resource [bus 00-ff]
[    0.604206] pci 0000:00:01.1: legacy IDE quirk: reg 0x10: [io  0x01f0-0x01f7]
[    0.605894] pci 0000:00:01.1: legacy IDE quirk: reg 0x14: [io  0x03f6]
[    0.607477] pci 0000:00:01.1: legacy IDE quirk: reg 0x18: [io  0x0170-0x0177]
[    0.621395] pci 0000:00:01.1: legacy IDE quirk: reg 0x1c: [io  0x0376]
[    0.643682] pci 0000:00:07.0: quirk: [io  0x4000-0x403f] claimed by PIIX4 ACPI
[    0.645615] pci 0000:00:07.0: quirk: [io  0x4100-0x410f] claimed by PIIX4 SMB
[    0.660155] ACPI: PCI Interrupt Link [LNKA] (IRQs 5 9 10 *11)
[    0.662372] ACPI: PCI Interrupt Link [LNKB] (IRQs 5 9 *10 11)
[    0.664479] ACPI: PCI Interrupt Link [LNKC] (IRQs 5 *9 10 11)
[    0.666508] ACPI: PCI Interrupt Link [LNKD] (IRQs 5 9 10 *11)
[    0.668568] ACPI: Enabled 2 GPEs in block 00 to 07
[    0.670226] vgaarb: setting as boot device: PCI:0000:00:02.0
[    0.671528] vgaarb: device added: PCI:0000:00:02.0,decodes=io+mem,owns=io+mem,locks=none
[    0.673861] vgaarb: loaded
[    0.674676] vgaarb: bridge control possible 0000:00:02.0
[    0.676184] SCSI subsystem initialized
[    0.677312] ACPI: bus type USB registered
[    0.678386] usbcore: registered new interface driver usbfs
[    0.679665] usbcore: registered new interface driver hub
[    0.681020] usbcore: registered new device driver usb
[    0.682454] PCI: Using ACPI for IRQ routing
[    0.683865] NetLabel: Initializing
[    0.684856] NetLabel:  domain hash size = 128
[    0.686005] NetLabel:  protocols = UNLABELED CIPSOv4
[    0.687322] NetLabel:  unlabeled traffic allowed by default
[    0.688838] amd_nb: Cannot enumerate AMD northbridges
[    0.690299] clocksource: Switched to clocksource kvm-clock
[    0.702562] AppArmor: AppArmor Filesystem Enabled
[    0.703858] pnp: PnP ACPI init
[    0.705588] pnp: PnP ACPI: found 3 devices
[    0.718052] clocksource: acpi_pm: mask: 0xffffff max_cycles: 0xffffff, max_idle_ns: 2085701024 ns
[    0.720304] NET: Registered protocol family 2
[    0.721611] TCP established hash table entries: 16384 (order: 5, 131072 bytes)
[    0.723907] TCP bind hash table entries: 16384 (order: 6, 262144 bytes)
[    0.725522] TCP: Hash tables configured (established 16384 bind 16384)
[    0.727244] UDP hash table entries: 1024 (order: 3, 32768 bytes)
[    0.728687] UDP-Lite hash table entries: 1024 (order: 3, 32768 bytes)
[    0.730182] NET: Registered protocol family 1
[    0.731420] pci 0000:00:00.0: Limiting direct PCI/PCI transfers
[    0.732821] pci 0000:00:01.0: Activating ISA DMA hang workarounds
[    0.734357] Unpacking initramfs...
[    0.967345] Freeing initrd memory: 14888K
[    0.968535] clocksource: tsc: mask: 0xffffffffffffffff max_cycles: 0x1e71768ef8b, max_idle_ns: 440795218977 ns
[    0.971035] platform rtc_cmos: registered platform RTC device (no PNP device found)
[    0.973122] Scanning for low memory corruption every 60 seconds
[    0.975069] audit: initializing netlink subsys (disabled)
[    0.976523] audit: type=2000 audit(1631285956.106:1): initialized
[    0.978242] Initialise system trusted keyring
[    0.979742] HugeTLB registered 2 MB page size, pre-allocated 0 pages
[    0.982567] zbud: loaded
[    0.983848] VFS: Disk quotas dquot_6.6.0
[    0.984944] VFS: Dquot-cache hash table entries: 512 (order 0, 4096 bytes)
[    0.986778] squashfs: version 4.0 (2009/01/31) Phillip Lougher
[    0.988525] fuse init (API version 7.23)
[    0.989724] Key type big_key registered
[    0.990988] Allocating IMA MOK and blacklist keyrings.
[    0.993720] Key type asymmetric registered
[    0.994892] Asymmetric key parser 'x509' registered
[    0.996607] Block layer SCSI generic (bsg) driver version 0.4 loaded (major 249)
[    0.998509] io scheduler noop registered
[    0.999486] io scheduler deadline registered (default)
[    1.000754] io scheduler cfq registered
[    1.001994] pci_hotplug: PCI Hot Plug PCI Core version: 0.5
[    1.003585] pciehp: PCI Express Hot Plug Controller Driver version: 0.4
[    1.005847] ACPI: AC Adapter [AC] (on-line)
[    1.007103] input: Power Button as /devices/LNXSYSTM:00/LNXPWRBN:00/input/input0
[    1.009077] ACPI: Power Button [PWRF]
[    1.010194] input: Sleep Button as /devices/LNXSYSTM:00/LNXSLPBN:00/input/input1
[    1.012573] ACPI: Sleep Button [SLPF]
[    1.014573] GHES: HEST is not enabled!
[    1.017290] ACPI: Battery Slot [BAT0] (battery present)
[    1.019595] Serial: 8250/16550 driver, 32 ports, IRQ sharing enabled
[    1.042144] 00:02: ttyS0 at I/O 0x3f8 (irq = 4, base_baud = 115200) is a 16550A
[    1.048123] Linux agpgart interface v0.103
[    1.054270] loop: module loaded
[    1.055962] scsi host0: ata_piix
[    1.057224] scsi host1: ata_piix
[    1.058231] ata1: PATA max UDMA/33 cmd 0x1f0 ctl 0x3f6 bmdma 0xd000 irq 14
[    1.060123] ata2: PATA max UDMA/33 cmd 0x170 ctl 0x376 bmdma 0xd008 irq 15
[    1.062822] libphy: Fixed MDIO Bus: probed
[    1.064175] tun: Universal TUN/TAP device driver, 1.6
[    1.065935] tun: (C) 1999-2004 Max Krasnyansky <maxk@qualcomm.com>
[    1.067695] PPP generic driver version 2.4.2
[    1.069304] ehci_hcd: USB 2.0 'Enhanced' Host Controller (EHCI) Driver
[    1.071146] ehci-pci: EHCI PCI platform driver
[    1.072419] ehci-platform: EHCI generic platform driver
[    1.074034] ohci_hcd: USB 1.1 'Open' Host Controller (OHCI) Driver
[    1.075778] ohci-pci: OHCI PCI platform driver
[    1.077222] ohci-platform: OHCI generic platform driver
[    1.078759] uhci_hcd: USB Universal Host Controller Interface driver
[    1.080950] i8042: PNP: PS/2 Controller [PNP0303:PS2K,PNP0f03:PS2M] at 0x60,0x64 irq 1,12
[    1.083914] serio: i8042 KBD port at 0x60,0x64 irq 1
[    1.085193] serio: i8042 AUX port at 0x60,0x64 irq 12
[    1.087009] mousedev: PS/2 mouse device common for all mice
[    1.090152] rtc_cmos rtc_cmos: rtc core: registered rtc_cmos as rtc0
[    1.092086] input: AT Translated Set 2 keyboard as /devices/platform/i8042/serio0/input/input2
[    1.094957] rtc_cmos rtc_cmos: alarms up to one day, 114 bytes nvram
[    1.096880] i2c /dev entries driver
[    1.098067] device-mapper: uevent: version 1.0.3
[    1.099602] device-mapper: ioctl: 4.34.0-ioctl (2015-10-28) initialised: dm-devel@redhat.com
[    1.102349] ledtrig-cpu: registered to indicate activity on CPUs
[    1.105111] NET: Registered protocol family 10
[    1.107117] NET: Registered protocol family 17
[    1.108378] Key type dns_resolver registered
[    1.110287] registered taskstats version 1
[    1.111451] Loading compiled-in X.509 certificates
[    1.113561] Loaded X.509 cert 'Build time autogenerated kernel key: cf00e047681d67edb2720680708b7d9498083038'
[    1.116250] zswap: loaded using pool lzo/zbud
[    1.119300] Key type trusted registered
[    1.123832] Key type encrypted registered
[    1.125702] AppArmor: AppArmor sha1 policy hashing enabled
[    1.127193] ima: No TPM chip found, activating TPM-bypass!
[    1.128624] ima: Allocated hash algorithm: sha1
[    1.130292] evm: HMAC attrs: 0x1
[    1.131748]   Magic number: 5:696:990
[    1.133231] rtc_cmos rtc_cmos: setting system clock to 2021-09-10 14:59:10 UTC (1631285950)
[    1.135846] BIOS EDD facility v0.16 2004-Jun-25, 0 devices found
[    1.137780] EDD information not available.
[    1.250600] Freeing unused kernel memory: 1492K
[    1.252028] Write protecting the kernel read-only data: 14336k
[    1.254606] Freeing unused kernel memory: 1584K
[    1.256257] Freeing unused kernel memory: 52K
Loading, please wait...
starting version 229
[    1.279840] random: systemd-udevd: uninitialized urandom read (16 bytes read, 3 bits of entropy available)
[    1.281256] random: udevadm: uninitialized urandom read (16 bytes read, 3 bits of entropy available)
[    1.281333] random: udevadm: uninitialized urandom read (16 bytes read, 3 bits of entropy available)
[    1.289380] random: systemd-udevd: uninitialized urandom read (16 bytes read, 3 bits of entropy available)
[    1.292464] random: systemd-udevd: uninitialized urandom read (16 bytes read, 3 bits of entropy available)
[    1.296207] random: systemd-udevd: uninitialized urandom read (16 bytes read, 3 bits of entropy available)
[    1.299768] random: udevadm: uninitialized urandom read (16 bytes read, 3 bits of entropy available)
[    1.301279] random: systemd-udevd: uninitialized urandom read (16 bytes read, 3 bits of entropy available)
[    1.301322] random: systemd-udevd: uninitialized urandom read (16 bytes read, 3 bits of entropy available)
[    1.301346] random: systemd-udevd: uninitialized urandom read (16 bytes read, 3 bits of entropy available)
[    1.388733] e1000: Intel(R) PRO/1000 Network Driver - version 7.3.21-k8-NAPI
[    1.391490] e1000: Copyright (c) 1999-2006 Intel Corporation.
[    1.393463] Fusion MPT base driver 3.04.20
[    1.394909] Copyright (c) 1999-2008 LSI Corporation
[    1.447922] Fusion MPT SPI Host driver 3.04.20
[    1.451310] AVX2 version of gcm_enc/dec engaged.
[    1.453244] AES CTR mode by8 optimization enabled
[    1.624374] input: ImExPS/2 Generic Explorer Mouse as /devices/platform/i8042/serio1/input/input4
[    1.835583] e1000 0000:00:03.0 eth0: (PCI:33MHz:32-bit) 02:a0:46:b5:71:eb
[    1.839832] e1000 0000:00:03.0 eth0: Intel(R) PRO/1000 Network Connection
[    2.219155] e1000 0000:00:08.0 eth1: (PCI:33MHz:32-bit) 08:00:27:ce:bc:7e
[    2.220742] e1000 0000:00:08.0 eth1: Intel(R) PRO/1000 Network Connection
[    2.223697] e1000 0000:00:03.0 enp0s3: renamed from eth0
[    2.226123] mptbase: ioc0: Initiating bringup
[    2.235275] e1000 0000:00:08.0 enp0s8: renamed from eth1
[    2.795024] ioc0: LSI53C1030 A0: Capabilities={Initiator}
[    4.525773] scsi host2: ioc0: LSI53C1030 A0, FwRev=00000000h, Ports=1, MaxQ=256, IRQ=20
[    6.764275] scsi 2:0:0:0: Direct-Access     VBOX     HARDDISK         1.0  PQ: 0 ANSI: 5
[    6.769104] scsi target2:0:0: Beginning Domain Validation
[    6.775554] scsi target2:0:0: Domain Validation skipping write tests
[    6.777142] scsi target2:0:0: Ending Domain Validation
[    6.778458] scsi target2:0:0: asynchronous
[    6.780764] scsi 2:0:1:0: Direct-Access     VBOX     HARDDISK         1.0  PQ: 0 ANSI: 5
[    6.794353] scsi target2:0:1: Beginning Domain Validation
[    6.798300] scsi target2:0:1: Domain Validation skipping write tests
[    6.799726] scsi target2:0:1: Ending Domain Validation
[    6.801062] scsi target2:0:1: asynchronous
[    6.808169] sd 2:0:0:0: Attached scsi generic sg0 type 0
[    6.809567] sd 2:0:0:0: [sda] 83886080 512-byte logical blocks: (42.9 GB/40.0 GiB)
[    6.811401] sd 2:0:1:0: Attached scsi generic sg1 type 0
[    6.811510] sd 2:0:1:0: [sdb] 20480 512-byte logical blocks: (10.5 MB/10.0 MiB)
[    6.811653] sd 2:0:0:0: [sda] Write Protect is off
[    6.811699] sd 2:0:1:0: [sdb] Write Protect is off
[    6.811747] sd 2:0:0:0: [sda] Incomplete mode parameter data
[    6.811748] sd 2:0:0:0: [sda] Assuming drive cache: write through
[    6.811796] sd 2:0:1:0: [sdb] Incomplete mode parameter data
[    6.811797] sd 2:0:1:0: [sdb] Assuming drive cache: write through
[    6.820612]  sda: sda1
[    6.821651] sd 2:0:0:0: [sda] Attached SCSI disk
[    6.822782] sd 2:0:1:0: [sdb] Attached SCSI disk
Begin: Loading essential drivers ... [    8.244930] md: linear personality registered for level -1
[    8.248604] md: multipath personality registered for level -4
[    8.251706] md: raid0 personality registered for level 0
[    8.255597] md: raid1 personality registered for level 1
[    8.326460] raid6: sse2x1   gen() 12449 MB/s
[    8.394458] raid6: sse2x1   xor()  8833 MB/s
[    8.462435] raid6: sse2x2   gen() 15710 MB/s
[    8.530446] raid6: sse2x2   xor() 10933 MB/s
[    8.598323] raid6: sse2x4   gen() 18173 MB/s
[    8.666454] raid6: sse2x4   xor() 12375 MB/s
[    8.734433] raid6: avx2x1   gen() 22576 MB/s
[    8.802424] raid6: avx2x2   gen() 28095 MB/s
[    8.870442] raid6: avx2x4   gen() 32609 MB/s
[    8.871555] raid6: using algorithm avx2x4 gen() 32609 MB/s
[    8.872747] raid6: using avx2x2 recovery algorithm
[    8.874767] xor: automatically using best checksumming function:
[    8.914464]    avx       : 24644.000 MB/sec
[    8.916899] async_tx: api initialized (async)
[    8.924628] md: raid6 personality registered for level 6
[    8.925974] md: raid5 personality registered for level 5
[    8.927151] md: raid4 personality registered for level 4
[    8.934201] md: raid10 personality registered for level 10
done.
Begin: Running /scripts/init-premount ... done.
Begin: Mounting root file system ... Begin: Running /scripts/local-top ... done.
Begin: Running /scripts/local-premount ... [    8.961875] Btrfs loaded
Scanning for Btrfs filesystems
done.
Warning: fsck not present, so skipping root file system
[    9.002140] EXT4-fs (sda1): mounted filesystem with ordered data mode. Opts: (null)
done.
Begin: Running /scripts/local-bottom ... done.
Begin: Running /scripts/init-bottom ... done.
[    9.093695] systemd[1]: systemd 229 running in system mode. (+PAM +AUDIT +SELINUX +IMA +APPARMOR +SMACK +SYSVINIT +UTMP +LIBCRYPTSETUP +GCRYPT +GNUTLS +ACL +XZ -LZ4 +SECCOMP +BLKID +ELFUTILS +KMOD -IDN)
[    9.097378] systemd[1]: Detected virtualization oracle.
[    9.098609] systemd[1]: Detected architecture x86-64.

Welcome to [1mUbuntu 16.04.7 LTS[0m!

[    9.107924] systemd[1]: Set hostname to <ubuntu>.
[    9.112186] systemd[1]: Initializing machine ID from random generator.
[    9.113905] systemd[1]: Installed transient /etc/machine-id file.
[    9.250718] systemd[1]: Listening on Journal Socket.
[[0;32m  OK  [0m] Listening on Journal Socket.
[    9.252535] systemd[1]: Listening on udev Kernel Socket.
[[0;32m  OK  [0m] Listening on udev Kernel Socket.
[    9.262830] systemd[1]: Reached target User and Group Name Lookups.
[[0;32m  OK  [0m] Reached target User and Group Name Lookups.
[    9.265057] systemd[1]: Listening on Device-mapper event daemon FIFOs.
[[0;32m  OK  [0m] Listening on Device-mapper event daemon FIFOs.
[    9.267559] systemd[1]: Created slice User and Session Slice.
[[0;32m  OK  [0m] Created slice User and Session Slice.
[    9.269677] systemd[1]: Set up automount Arbitrary Executable File Formats File System Automount Point.
[[0;32m  OK  [0m] Set up automount Arbitrary Executab...ats File System Automount Point.
[    9.278669] systemd[1]: Listening on udev Control Socket.
[[0;32m  OK  [0m] Listening on udev Control Socket.
[    9.286558] systemd[1]: Started Trigger resolvconf update for networkd DNS.
[[0;32m  OK  [0m] Started Trigger resolvconf update for networkd DNS.
[    9.289242] systemd[1]: Listening on LVM2 metadata daemon socket.
[[0;32m  OK  [0m] Listening on LVM2 metadata daemon socket.
[    9.299667] systemd[1]: Reached target Encrypted Volumes.
[[0;32m  OK  [0m] Reached target Encrypted Volumes.
[    9.301929] systemd[1]: Listening on Journal Audit Socket.
[[0;32m  OK  [0m] Listening on Journal Audit Socket.
[    9.315270] systemd[1]: Listening on Syslog Socket.
[[0;32m  OK  [0m] Listening on Syslog Socket.
[    9.323330] systemd[1]: Listening on fsck to fsckd communication Socket.
[[0;32m  OK  [0m] Listening on fsck to fsckd communication Socket.
[    9.325816] systemd[1]: Listening on LVM2 poll daemon socket.
[[0;32m  OK  [0m] Listening on LVM2 poll daemon socket.
[    9.327993] systemd[1]: Created slice System Slice.
[[0;32m  OK  [0m] Created slice System Slice.
[    9.343363] systemd[1]: Starting Monitoring of LVM2 mirrors, snapshots etc. using dmeventd or progress polling...
         Starting Monitoring of LVM2 mirrors... dmeventd or progress polling...
[    9.349289] systemd[1]: Mounting Debug File System...
         Mounting Debug File System...
[    9.359106] systemd[1]: Mounting Huge Pages File System...
         Mounting Huge Pages File System...
[    9.367296] systemd[1]: Starting Create list of required static device nodes for the current kernel...
         Starting Create list of required st... nodes for the current kernel...
[    9.370883] systemd[1]: Starting Uncomplicated firewall...
         Starting Uncomplicated firewall...
[    9.374526] systemd[1]: Created slice system-serial\x2dgetty.slice.
[[0;32m  OK  [0m] Created slice system-serial\x2dgetty.slice.
[    9.376558] systemd[1]: Reached target Slices.
[[0;32m  OK  [0m] Reached target Slices.
[    9.378856] systemd[1]: Starting File System Check on Root Device...
         Starting File System Check on Root Device...
[    9.387323] systemd[1]: Mounting POSIX Message Queue File System...
         Mounting POSIX Message Queue File System...
[    9.389558] systemd[1]: Reached target System Time Synchronized.
[[0;32m  OK  [0m] Reached target System Time Synchronized.
[    9.391699] systemd[1]: Listening on /dev/initctl Compatibility Named Pipe.
[[0;32m  OK  [0m] Listening on /dev/initctl Compatibility Named Pipe.
[    9.395092] systemd[1]: Starting Set console keymap...
         Starting Set console keymap...
[    9.397307] systemd[1]: Listening on Journal Socket (/dev/log).
[[0;32m  OK  [0m] Listening on Journal Socket (/dev/log).
[    9.402191] systemd[1]: Starting Journal Service...
         Starting Journal Service...
[    9.406960] systemd[1]: Starting Nameserver information manager...
         Starting Nameserver information manager...
[    9.409981] systemd[1]: Started Forward Password Requests to Wall Directory Watch.
[[0;32m  OK  [0m] Started Forward Password Requests to Wall Directory Watch.
[    9.414636] systemd[1]: Starting Load Kernel Modules...
         Starting Load Kernel Modules...
[    9.419693] systemd[1]: Reached target Swap.
[[0;32m  OK  [0m] Reached target Swap.
[    9.423805] systemd[1]: Mounted POSIX Message Queue File System.
[[0;32m  OK  [0m] Mounted POSIX Message Queue File System.
[    9.429884] Loading iSCSI transport class v2.0-870.
[    9.434637] systemd[1]: Mounted Huge Pages File System.
[[0;32m  OK  [0m] Mounted Huge Pages File System.
[    9.437303] systemd[1]: Mounted Debug File System.
[[0;32m  OK  [0m] Mounted Debug File System.
[    9.442523] iscsi: registered transport (tcp)
[    9.446532] systemd[1]: Started Journal Service.
[[0;32m  OK  [0m] Started Journal Service.
[[0;32m  OK  [0m] Started Create list of required sta...ce nodes for the current kernel.
[[0;32m  OK  [0m] Started Uncomplicated firewall.
[    9.470136] iscsi: registered transport (iser)
[[0;32m  OK  [0m] Started File System Check on Root Device.
[[0;32m  OK  [0m] Started Load Kernel Modules.
[[0;32m  OK  [0m] Started Nameserver information manager.
[[0;32m  OK  [0m] Started Set console keymap.
[[0;32m  OK  [0m] Started LVM2 metadata daemon.
[[0;32m  OK  [0m] Started File System Check Daemon to report status.
         Mounting FUSE Control File System...
         Starting Apply Kernel Variables...
         Starting Remount Root and Kernel File Systems...
         Starting Create Static Device Nodes in /dev...
[[0;32m  OK  [0m] Mounted FUSE Control File System.
[[0;32m  OK  [0m] Started Apply Kernel Variables.
[[0;32m  OK  [0m] Started Remount Root and Kernel File Systems.
         Starting Load/Save Random Seed...
         Starting udev Coldplug all Devices...
         Starting Flush Journal to Persistent Storage...
[[0;32m  OK  [0m] Started Create Static Device Nodes in /dev.
[[0;32m  OK  [0m] Started Load/Save Random Seed.
         Starting udev Kernel Device Manager...
[[0;32m  OK  [0m] Started Flush Journal to Persistent Storage.
[[0;32m  OK  [0m] Started udev Coldplug all Devices.
[[0;32m  OK  [0m] Started udev Kernel Device Manager.
[[0;32m  OK  [0m] Started Dispatch Password Requests to Console Directory Watch.
[[0;32m  OK  [0m] Found device /dev/ttyS0.
[[0;32m  OK  [0m] Listening on Load/Save RF Kill Switch Status /dev/rfkill Watch.
[[0;32m  OK  [0m] Started Monitoring of LVM2 mirrors,...ng dmeventd or progress polling.
[[0;32m  OK  [0m] Reached target Local File Systems (Pre).
[[0;32m  OK  [0m] Reached target Local File Systems.
         Starting Create Volatile Files and Directories...
         Starting Tell Plymouth To Write Out Runtime Data...
         Starting LSB: AppArmor initialization...
         Starting Initial cloud-init job (pre-networking)...
         Starting Commit a transient machine-id on disk...
         Starting Set console font and keymap...
[[0;32m  OK  [0m] Started Create Volatile Files and Directories.
[[0;32m  OK  [0m] Started Tell Plymouth To Write Out Runtime Data.
         Starting Update UTMP about System Boot/Shutdown...
[[0;32m  OK  [0m] Started Commit a transient machine-id on disk.
[[0;32m  OK  [0m] Started Update UTMP about System Boot/Shutdown.
[[0;32m  OK  [0m] Started Set console font and keymap.
[[0;32m  OK  [0m] Created slice system-getty.slice.
[   11.497123] cloud-init[633]: Cloud-init v. 21.1-19-gbad84ad4-0ubuntu1~16.04.2 running 'init-local' at Fri, 10 Sep 2021 14:59:20 +0000. Up 10.94 seconds.
[[0;32m  OK  [0m] Started Initial cloud-init job (pre-networking).
[[0;32m  OK  [0m] Reached target Network (Pre).
[[0;32m  OK  [0m] Started LSB: AppArmor initialization.
         Starting Load AppArmor profiles managed internally by snapd...
         Starting Raise network interfaces...
[[0;32m  OK  [0m] Started Load AppArmor profiles managed internally by snapd.
[[0;32m  OK  [0m] Started Raise network interfaces.
[[0;32m  OK  [0m] Reached target Network.
         Starting Initial cloud-init job (metadata service crawler)...
[   13.509704] cloud-init[967]: Cloud-init v. 21.1-19-gbad84ad4-0ubuntu1~16.04.2 running 'init' at Fri, 10 Sep 2021 14:59:22 +0000. Up 12.89 seconds.
[   13.516492] cloud-init[967]: ci-info: ++++++++++++++++++++++++++++++++++++++Net device info+++++++++++++++++++++++++++++++++++++++
[   13.518678] cloud-init[967]: ci-info: +--------+-------+----------------------------+---------------+--------+-------------------+
[   13.520898] cloud-init[967]: ci-info: | Device |   Up  |          Address           |      Mask     | Scope  |     Hw-Address    |
[   13.529376] cloud-init[967]: ci-info: +--------+-------+----------------------------+---------------+--------+-------------------+
[   13.536452] cloud-init[967]: ci-info: | enp0s3 |  True |         10.0.2.15          | 255.255.255.0 | global | 02:a0:46:b5:71:eb |
[   13.544448] cloud-init[967]: ci-info: | enp0s3 |  True | fe80::a0:46ff:feb5:71eb/64 |       .       |  link  | 02:a0:46:b5:71:eb |
[   13.546078] cloud-init[967]: ci-info: | enp0s8 | False |             .              |       .       |   .    | 08:00:27:ce:bc:7e |
[   13.552475] cloud-init[967]: ci-info: |   lo   |  True |         127.0.0.1          |   255.0.0.0   |  host  |         .         |
[   13.560463] cloud-init[967]: ci-info: |   lo   |  True |          ::1/128           |       .       |  host  |         .         |
[   13.562013] cloud-init[967]: ci-info: +--------+-------+----------------------------+---------------+--------+-------------------+
[   13.568461] cloud-init[967]: ci-info: +++++++++++++++++++++++++++Route IPv4 info++++++++++++++++++++++++++++
[   13.569874] cloud-init[967]: ci-info: +-------+-------------+----------+---------------+-----------+-------+
[   13.571123] cloud-init[967]: ci-info: | Route | Destination | Gateway  |    Genmask    | Interface | Flags |
[   13.572582] cloud-init[967]: ci-info: +-------+-------------+----------+---------------+-----------+-------+
[   13.574065] cloud-init[967]: ci-info: |   0   |   0.0.0.0   | 10.0.2.2 |    0.0.0.0    |   enp0s3  |   UG  |
[   13.576348] cloud-init[967]: ci-info: |   1   |   10.0.2.0  | 0.0.0.0  | 255.255.255.0 |   enp0s3  |   U   |
[   13.577661] cloud-init[967]: ci-info: +-------+-------------+----------+---------------+-----------+-------+
[   13.580377] cloud-init[967]: ci-info: +++++++++++++++++++Route IPv6 info+++++++++++++++++++
[   13.588415] cloud-init[967]: ci-info: +-------+-------------+---------+-----------+-------+
[[0;32m  OK  [0m] Started Initial cloud-init job (metadata service crawler).
[[0;32m  OK  [0m] Reached target Network is Online.
[   13.596557] cloud-init[967]: ci-info: | Route | Destination | Gateway | Interface | Flags |
[   13.604405] cloud-init[967]: ci-info: +-------+-------------+---------+-----------+-------+
[   13.605687] cloud-init[967]: ci-info: |   0   |  fe80::/64  |    ::   |   enp0s3  |   U   |
         Starting iSCSI initiator daemon (iscsid)...
[[0;32m  OK  [0m] Reached target Cloud-config availability.
[[0;32m  OK  [0m] Reached target System Initialization.[   13.608719] cloud-init[967]: ci-info: |   3   |   ff00::/8  |    ::   |   enp0s3  |   U   |
[   13.611273] cloud-init[967]: ci-info: +-------+-------------+---------+-----------+-------+
[   13.611885] cloud-init[967]: Generating public/private rsa key pair.
[   13.612608] cloud-init[967]: Your identification has been saved in /etc/ssh/ssh_host_rsa_key.
[   13.613148] cloud-init[967]: Your public key has been saved in /etc/ssh/ssh_host_rsa_key.pub.
[   13.613502] cloud-init[967]: The key fingerprint is:
[   13.614064] cloud-init[967]: SHA256:JEjKRKXTghHI8BDv9D8Jw+eodQcLBCk0khMF5pxEOg4 root@ubuntu-xenial
[   13.614581] cloud-init[967]: The key's randomart image is:
[   13.615306] cloud-init[967]: +---[RSA 2048]----+
[   13.615654] cloud-init[967]: |/#=oo            |
[   13.616240] cloud-init[967]: |%X+* .           |
[   13.616855] cloud-init[967]: |E*X + . .        |
[   13.617201] cloud-init[967]: |o+ *   o         |
[   13.617547] cloud-init[967]: | .. * o S        |
[   13.618112] cloud-init[967]: |     O +         |
[   13.618483] cloud-init[967]: |    o B .        |
[   13.619016] cloud-init[967]: |   o . o         |
[   13.619365] cloud-init[967]: |  .              |
[   13.619912] cloud-init[967]: +----[SHA256]-----+
[   13.620268] cloud-init[967]: Generating public/private dsa key pair.
[   13.620613] cloud-init[967]: Your identification has been saved in /etc/ssh/ssh_host_dsa_key.
[   13.621132] cloud-init[967]: Your public key has been saved in /etc/ssh/ssh_host_dsa_key.pub.
[   13.621523] cloud-init[967]: The key fingerprint is:

         Starting Socket activation for snappy daemon.[   13.622858] cloud-init[967]: SHA256:Xun2IMo+LtvZf96KwpDHdfByiY/XX5BqWv+gvJ2LWCE root@ubuntu-xenial
[   13.637662] cloud-init[967]: The key's randomart image is:
[   13.637992] cloud-init[967]: +---[DSA 1024]----+
[   13.638538] cloud-init[967]: |                 |
[   13.638881] cloud-init[967]: |          .      |
[   13.639253] cloud-init[967]: |           + . . |
[   13.639612] cloud-init[967]: |          +.= o  |
[   13.639968] cloud-init[967]: |       oS.E*.o . |
[   13.640528] cloud-init[967]: |      o.oo..*.. .|
[   13.640868] cloud-init[967]: |       +o +=.....|
[   13.641265] cloud-init[967]: |    .o.+oo.B.=.o.|
[   13.641818] cloud-init[967]: |    .=B..o+oOo=o.|
[   13.642382] cloud-init[967]: +----[SHA256]-----+
[   13.642689] cloud-init[967]: Generating public/private ecdsa key pair.
[   13.643037] cloud-init[967]: Your identification has been saved in /etc/ssh/ssh_host_ecdsa_key.
[   13.643588] cloud-init[967]: Your public key has been saved in /etc/ssh/ssh_host_ecdsa_key.pub.
[   13.643936] cloud-init[967]: The key fingerprint is:
[   13.644523] cloud-init[967]: SHA256:YRZZogoNC75uNv59YkOXKQjsYf6FVzRbJC8Nau0oqN8 root@ubuntu-xenial
[   13.644871] cloud-init[967]: The key's randomart image is:
[   13.645414] cloud-init[967]: +---[ECDSA 256]---+
[   13.645769] cloud-init[967]: |. .    o++.      |
[   13.647396] cloud-init[967]: |.. +  o+*+       |
[   13.647925] cloud-init[967]: |..o .oooBo       |
[   13.648873] cloud-init[967]: | =o...o=..       |
[   13.648977] cloud-init[967]: |+oo.+...S        |
[   13.649323] cloud-init[967]: |oo o.= +         |
[   13.649676] cloud-init[967]: |.=. + o          |
[   13.650244] cloud-init[967]: |+..o.+ .         |
[   13.650595] cloud-init[967]: | .o.E.+          |
[   13.650995] cloud-init[967]: +----[SHA256]-----+
[   13.651415] cloud-init[967]: Generating public/private ed25519 key pair.
[   13.651806] cloud-init[967]: Your identification has been saved in /etc/ssh/ssh_host_ed25519_key.
[   13.652383] cloud-init[967]: Your public key has been saved in /etc/ssh/ssh_host_ed25519_key.pub.
[   13.652698] cloud-init[967]: The key fingerprint is:
[   13.653246] cloud-init[967]: SHA256:RXznj3s4VBMBggo3Igjx2Gc7y2V5mkkznQTS8VUSErc root@ubuntu-xenial
[   13.653595] cloud-init[967]: The key's randomart image is:
[   13.654163] cloud-init[967]: +--[ED25519 256]--+
[   13.654509] cloud-init[967]: |+.. ..o.ooB+.....|
[   13.655062] cloud-init[967]: | = . +.= *.oo .. |
[   13.655901] cloud-init[967]: |. o + + = E. o  .|
[   13.656511] cloud-init[967]: |   o . = o    ...|
[   13.657019] cloud-init[967]: |    o B S      +.|
[   13.657363] cloud-init[967]: |   . * B      o .|
[   13.657718] cloud-init[967]: |    o +      . o |
[   13.658262] cloud-init[967]: |              + .|
[   13.658859] cloud-init[967]: |               o |

[[   13.659276] cloud-init[967]: +----[SHA256]-----+
[0;32m  OK  [0m] Started Ubuntu Advantage update messaging.
[[0;32m  OK  [0m] Started ACPI Events Check.
[[0;32m  OK  [0m] Reached target Paths.
         Starting LXD - unix socket.
[[0;32m  OK  [0m] Started Daily apt download activities.
[[0;32m  OK  [0m] Started Daily apt upgrade and clean activities.
[[0;32m  OK  [0m] Listening on ACPID Listen Socket.
[[0;32m  OK  [0m] Started Daily Cleanup of Temporary Directories.
[[0;32m  OK  [0m] Listening on UUID daemon activation socket.
[[0;32m  OK  [0m] Started Message of the Day.
[[0;32m  OK  [0m] Reached target Timers.
[[0;32m  OK  [0m] Listening on D-Bus System Message Bus Socket.
[[0;32m  OK  [0m] Listening on Socket activation for snappy daemon.
[[0;32m  OK  [0m] Listening on LXD - unix socket.
[[0;32m  OK  [0m] Reached target Sockets.
[[0;32m  OK  [0m] Reached target Basic System.
         Starting Login Service...
         Starting /etc/rc.local Compatibility...
         Starting LSB: Record successful boot for GRUB...
[[0;32m  OK  [0m] Started FUSE filesystem for LXC.
[[0;32m  OK  [0m] Started Regular background program processing daemon.
         Starting Accounts Service...
[[0;32m  OK  [0m] Started ACPI event daemon.
         Starting Virtualbox guest utils...
[[0;32m  OK  [0m] Started Deferred execution scheduler.
         Starting LXD - container startup/shutdown...
[[0;32m  OK  [0m] Started D-Bus System Message Bus.
         Starting System Logging Service...
         Starting Pollinate to seed the pseudo random number generator...
         Starting LSB: MD monitoring daemon...
         Starting Snap Daemon...
[[0;32m  OK  [0m] Started iSCSI initiator daemon (iscsid).
[[0;32m  OK  [0m] Started /etc/rc.local Compatibility.
         Starting Login to default iSCSI targets...
[[0;32m  OK  [0m] Started Login Service.
         Starting Authenticate and Authorize Users to Run Privileged Tasks...
[[0;32m  OK  [0m] Started Unattended Upgrades Shutdown.
[[0;32m  OK  [0m] Started LSB: Record successful boot for GRUB.
[[0;32m  OK  [0m] Started System Logging Service.
[[0;32m  OK  [0m] Started LSB: MD monitoring daemon.
[[0;32m  OK  [0m] Started Login to default iSCSI targets.
[[0;32m  OK  [0m] Reached target Remote File Systems (Pre).
[[0;32m  OK  [0m] Reached target Remote File Systems.
         Starting LSB: Set the CPU Frequency Scaling governor to "ondemand"...
         Starting LSB: automatic crash report generation...
         Starting LSB: daemon to balance interrupts for SMP systems...
         Starting Permit User Sessions...
[[0;32m  OK  [0m] Started Permit User Sessions.
         Starting Terminate Plymouth Boot Screen...
         Starting Hold until boot process finishes up...
[[0;32m  OK  [0m] Started Hold until boot process finishes up.
[[0;32m  OK  [0m] Started Serial Getty on ttyS0.
         Starting Set console scheme...
[[0;32m  OK  [0m] Started Getty on tty1.
[[0;32m  OK  [0m] Reached target Login Prompts.
[[0;32m  OK  [0m] Started Terminate Plymouth Boot Screen.
[[0;32m  OK  [0m] Started Set console scheme.
[[0;32m  OK  [0m] Started Authenticate and Authorize Users to Run Privileged Tasks.
[[0;32m  OK  [0m] Started Accounts Service.
[[0;32m  OK  [0m] Started LSB: Set the CPU Frequency Scaling governor to "ondemand".
[[0;32m  OK  [0m] Started LSB: automatic crash report generation.
[[0;32m  OK  [0m] Started LSB: daemon to balance interrupts for SMP systems.
[[0;32m  OK  [0m] Started LXD - container startup/shutdown.
[[0;32m  OK  [0m] Started Virtualbox guest utils.
[[0;32m  OK  [0m] Started Snap Daemon.
         Starting Wait until snapd is fully seeded...
[[0;32m  OK  [0m] Started Wait until snapd is fully seeded.
         Starting Apply the settings specified in cloud-config...
[   15.405967] cloud-init[1290]: Generating locales (this might take a while)...
[   16.498314] cloud-init[1290]:   en_US.UTF-8... done
[   16.500693] cloud-init[1290]: Generation complete.
[   16.863908] cloud-init[1290]: Cloud-init v. 21.1-19-gbad84ad4-0ubuntu1~16.04.2 running 'modules:config' at Fri, 10 Sep 2021 14:59:24 +0000. Up 15.22 seconds.
[[0;32m  OK  [0m] Started Apply the settings specified in cloud-config.

Ubuntu 16.04.7 LTS ubuntu-xenial ttyS0

ubuntu-xenial login: ci-info: no authorized SSH keys fingerprints found for user ubuntu.
<14>Sep 10 14:59:34 ec2: 
<14>Sep 10 14:59:34 ec2: #############################################################
<14>Sep 10 14:59:34 ec2: -----BEGIN SSH HOST KEY FINGERPRINTS-----
<14>Sep 10 14:59:34 ec2: 1024 SHA256:Xun2IMo+LtvZf96KwpDHdfByiY/XX5BqWv+gvJ2LWCE root@ubuntu-xenial (DSA)
<14>Sep 10 14:59:34 ec2: 256 SHA256:YRZZogoNC75uNv59YkOXKQjsYf6FVzRbJC8Nau0oqN8 root@ubuntu-xenial (ECDSA)
<14>Sep 10 14:59:34 ec2: 256 SHA256:RXznj3s4VBMBggo3Igjx2Gc7y2V5mkkznQTS8VUSErc root@ubuntu-xenial (ED25519)
<14>Sep 10 14:59:34 ec2: 2048 SHA256:JEjKRKXTghHI8BDv9D8Jw+eodQcLBCk0khMF5pxEOg4 root@ubuntu-xenial (RSA)
<14>Sep 10 14:59:34 ec2: -----END SSH HOST KEY FINGERPRINTS-----
<14>Sep 10 14:59:34 ec2: #############################################################
-----BEGIN SSH HOST KEY KEYS-----
ecdsa-sha2-nistp256 AAAAE2VjZHNhLXNoYTItbmlzdHAyNTYAAAAIbmlzdHAyNTYAAABBBE35/ATwXutYfJPc/+MssD/YMd58Hk9gTncVIlvBm3OFODs5te0+/qPFF8ZD6/E1sNiXEIBuHBYhPhF8ialSj/U= root@ubuntu-xenial
ssh-ed25519 AAAAC3NzaC1lZDI1NTE5AAAAIKIB1cTTwZ+qzqA89V5cU84H6/9pPLavPyulMiwiJSOp root@ubuntu-xenial
ssh-rsa AAAAB3NzaC1yc2EAAAADAQABAAABAQDdTWrjhTlt1VZqWC4VxEgLS4d/8j3r5JiCAWUYKW5bi05n5dVE5AsvoBesit7ga9CFBCVq9/guze/6VofhmO7l3L+1sbbyY+0bFxp0v4ubguukihKNboqm9RnT1xK8V0M7ib3lH9Kv/Wj2JWGqxBzGxsfjVac+FAsbjtiMjV7SLC8WagOhvZUlLiPafObu+3IZl7Syiq7Ht56Ad7myPapMnqrlpI1w/6PGWNyQ1LEXIjumyx1ZPxRTF11GH75vD0TB/afiky3PKvM8xgnb/g0gQyKaeWv+k4Avrlp766pl7SyVWKGppzYk7ufIKtY5Emc85USbCIBBE3NrZXxhmWbX root@ubuntu-xenial
-----END SSH HOST KEY KEYS-----
[   25.240264] cloud-init[1347]: Cloud-init v. 21.1-19-gbad84ad4-0ubuntu1~16.04.2 running 'modules:final' at Fri, 10 Sep 2021 14:59:34 +0000. Up 24.95 seconds.
[   25.241174] cloud-init[1347]: ci-info: no authorized SSH keys fingerprints found for user ubuntu.
[   25.241523] cloud-init[1347]: Cloud-init v. 21.1-19-gbad84ad4-0ubuntu1~16.04.2 finished at Fri, 10 Sep 2021 14:59:34 +0000. Datasource DataSourceNoCloud [seed=/dev/sdb][dsmode=net].  Up 25.22 seconds
